<?xml version="1.0" encoding="UTF-8"?>
<!-- Generated by org.testng.reporters.JUnitReportReporter -->
<testsuite hostname="DESKTOP-ROGQ5OF" failures="0" tests="1" name="com.actitime.testscript.CustomerModule" time="0.017" errors="0" timestamp="2023-08-04T12:42:08 IST" skipped="0">
  <testcase classname="com.actitime.testscript.CustomerModule" name="createCustomer" time="0.017">
    <system-out>
      <![CDATA[create customer ]]>
    </system-out>
  </testcase> <!-- createCustomer -->
  <system-out>
    <![CDATA[create customer ]]>
  </system-out>
</testsuite> <!-- com.actitime.testscript.CustomerModule -->
